[debug] [2019-04-04T20:16:23.755Z] ----------------------------------------------------------------------
[debug] [2019-04-04T20:16:23.758Z] Command:       /Users/jramsey/.nodenv/versions/6.10.0/bin/node /Users/jramsey/.nodenv/versions/6.10.0/bin/firebase serve
[debug] [2019-04-04T20:16:23.758Z] CLI Version:   4.2.1
[debug] [2019-04-04T20:16:23.758Z] Platform:      darwin
[debug] [2019-04-04T20:16:23.758Z] Node Version:  v6.10.0
[debug] [2019-04-04T20:16:23.759Z] Time:          Thu Apr 04 2019 14:16:23 GMT-0600 (MDT)
[debug] [2019-04-04T20:16:23.759Z] ----------------------------------------------------------------------
[debug] 
[debug] [2019-04-04T20:16:23.771Z] > command requires scopes: ["email","openid","https://www.googleapis.com/auth/cloudplatformprojects.readonly","https://www.googleapis.com/auth/firebase","https://www.googleapis.com/auth/cloud-platform"]
[debug] [2019-04-04T20:16:23.771Z] > authorizing via signed-in user
[debug] [2019-04-04T20:16:23.773Z] >>> HTTP REQUEST GET https://admin.firebase.com/v1/projects/prep-right-painting  
 
[debug] [2019-04-04T20:16:24.387Z] <<< HTTP RESPONSE 200
[debug] [2019-04-04T20:16:24.388Z] >>> HTTP REQUEST GET https://cloudresourcemanager.googleapis.com/v1/projects/prep-right-painting  
 
[debug] [2019-04-04T20:16:24.707Z] <<< HTTP RESPONSE 200
[info] 
[info] === Serving from '/Users/jramsey/Documents/mine/projects/prep-right-painting'...
[info] 
[debug] [2019-04-04T20:16:24.710Z] >>> HTTP REQUEST GET https://mobilesdk-pa.googleapis.com/v1/projects/325906740849/clients/_:getWebAppConfig  
 
[debug] [2019-04-04T20:16:25.161Z] <<< HTTP RESPONSE 200
[info] i  hosting[prep-right-painting]: Serving hosting files from: app
[info] ✔  hosting[prep-right-painting]: Local server: http://localhost:5000
